[ 14%] [32mBuilding CXX object CMakeFiles/track_node.dir/include/controllers/backstepping.cpp.o[0m
[ 28%] [32mBuilding CXX object CMakeFiles/track_node.dir/src/run_plannctrl.cpp.o[0m
[ 42%] [32mBuilding CXX object CMakeFiles/track_node.dir/include/Tools.cpp.o[0m
[01m[Kc++:[m[K [01;31m[Kerror: [m[K/home/johanna/catkin_mmc/src/large_scale_plannctrl/include/controllers/backstepping.cpp: æ²¡æœ‰é‚£ä¸ªæ–‡ä»¶æˆ–ç›®å½•
[01m[Kc++:[m[K [01;31m[Kfatal error: [m[Kno input files
compilation terminated.
[01m[Kc++:[m[K [01;31m[Kerror: [m[K/home/johanna/catkin_mmc/src/large_scale_plannctrl/src/run_plannctrl.cpp: æ²¡æœ‰é‚£ä¸ªæ–‡ä»¶æˆ–ç›®å½•
CMakeFiles/track_node.dir/build.make:89: recipe for target 'CMakeFiles/track_node.dir/include/controllers/backstepping.cpp.o' failed
make[2]: *** [CMakeFiles/track_node.dir/include/controllers/backstepping.cpp.o] Error 1
make[2]: *** æ­£åœ¨ç­‰å¾…æœªå®Œæˆçš„ä»»åŠ¡....
[01m[Kc++:[m[K [01;31m[Kfatal error: [m[Kno input files
[01m[Kc++:[m[K [01;31m[Kerror: [m[K/home/johanna/catkin_mmc/src/large_scale_plannctrl/include/Tools.cpp: æ²¡æœ‰é‚£ä¸ªæ–‡ä»¶æˆ–ç›®å½•
compilation terminated.
CMakeFiles/track_node.dir/build.make:75: recipe for target 'CMakeFiles/track_node.dir/src/run_plannctrl.cpp.o' failed
make[2]: *** [CMakeFiles/track_node.dir/src/run_plannctrl.cpp.o] Error 1
[01m[Kc++:[m[K [01;31m[Kfatal error: [m[Kno input files
compilation terminated.
CMakeFiles/track_node.dir/build.make:103: recipe for target 'CMakeFiles/track_node.dir/include/Tools.cpp.o' failed
make[2]: *** [CMakeFiles/track_node.dir/include/Tools.cpp.o] Error 1
[ 57%] [32mBuilding CXX object CMakeFiles/track_node.dir/include/offboard_env/ros_missn.cpp.o[0m
[ 71%] [32mBuilding CXX object CMakeFiles/track_node.dir/include/planners/trajgen.cpp.o[0m
[ 85%] [32mBuilding CXX object CMakeFiles/track_node.dir/include/planners/wayp_reader.cpp.o[0m
[01m[Kc++:[m[K [01;31m[Kerror: [m[K/home/johanna/catkin_mmc/src/large_scale_plannctrl/include/offboard_env/ros_missn.cpp: æ²¡æœ‰é‚£ä¸ªæ–‡ä»¶æˆ–ç›®å½•
[01m[Kc++:[m[K [01;31m[Kerror: [m[K/home/johanna/catkin_mmc/src/large_scale_plannctrl/include/planners/trajgen.cpp: æ²¡æœ‰é‚£ä¸ªæ–‡ä»¶æˆ–ç›®å½•
[01m[Kc++:[m[K [01;31m[Kfatal error: [m[Kno input files
compilation terminated.
CMakeFiles/track_node.dir/build.make:117: recipe for target 'CMakeFiles/track_node.dir/include/offboard_env/ros_missn.cpp.o' failed
make[2]: *** [CMakeFiles/track_node.dir/include/offboard_env/ros_missn.cpp.o] Error 1
[01m[Kc++:[m[K [01;31m[Kfatal error: [m[Kno input files
compilation terminated.
CMakeFiles/track_node.dir/build.make:131: recipe for target 'CMakeFiles/track_node.dir/include/planners/trajgen.cpp.o' failed
make[2]: *** [CMakeFiles/track_node.dir/include/planners/trajgen.cpp.o] Error 1
[01m[Kc++:[m[K [01;31m[Kerror: [m[K/home/johanna/catkin_mmc/src/large_scale_plannctrl/include/planners/wayp_reader.cpp: æ²¡æœ‰é‚£ä¸ªæ–‡ä»¶æˆ–ç›®å½•
[01m[Kc++:[m[K [01;31m[Kfatal error: [m[Kno input files
compilation terminated.
make[2]: *** [CMakeFiles/track_node.dir/include/planners/wayp_reader.cpp.o] Error 1
CMakeFiles/track_node.dir/build.make:145: recipe for target 'CMakeFiles/track_node.dir/include/planners/wayp_reader.cpp.o' failed
CMakeFiles/Makefile2:224: recipe for target 'CMakeFiles/track_node.dir/all' failed
make[1]: *** [CMakeFiles/track_node.dir/all] Error 2
Makefile:145: recipe for target 'all' failed
make: *** [all] Error 2
